

Started GET "/" for 127.0.0.1 at 2015-03-09 17:09:12 +0700

ActiveRecord::PendingMigrationError (

Migrations are pending. To resolve this issue, run:

	bin/rake db:migrate RAILS_ENV=development

):
  activerecord (4.2.0) lib/active_record/migration.rb:393:in `check_pending!'
  activerecord (4.2.0) lib/active_record/migration.rb:374:in `call'
  actionpack (4.2.0) lib/action_dispatch/middleware/callbacks.rb:29:in `block in call'
  activesupport (4.2.0) lib/active_support/callbacks.rb:88:in `call'
  activesupport (4.2.0) lib/active_support/callbacks.rb:88:in `_run_callbacks'
  activesupport (4.2.0) lib/active_support/callbacks.rb:734:in `_run_call_callbacks'
  activesupport (4.2.0) lib/active_support/callbacks.rb:81:in `run_callbacks'
  actionpack (4.2.0) lib/action_dispatch/middleware/callbacks.rb:27:in `call'
  actionpack (4.2.0) lib/action_dispatch/middleware/reloader.rb:73:in `call'
  actionpack (4.2.0) lib/action_dispatch/middleware/remote_ip.rb:78:in `call'
  web-console (2.0.0.beta3) lib/action_dispatch/debug_exceptions.rb:18:in `middleware_call'
  web-console (2.0.0.beta3) lib/action_dispatch/debug_exceptions.rb:13:in `call'
  actionpack (4.2.0) lib/action_dispatch/middleware/show_exceptions.rb:30:in `call'
  railties (4.2.0) lib/rails/rack/logger.rb:38:in `call_app'
  railties (4.2.0) lib/rails/rack/logger.rb:20:in `block in call'
  activesupport (4.2.0) lib/active_support/tagged_logging.rb:68:in `block in tagged'
  activesupport (4.2.0) lib/active_support/tagged_logging.rb:26:in `tagged'
  activesupport (4.2.0) lib/active_support/tagged_logging.rb:68:in `tagged'
  railties (4.2.0) lib/rails/rack/logger.rb:20:in `call'
  actionpack (4.2.0) lib/action_dispatch/middleware/request_id.rb:21:in `call'
  rack (1.6.0) lib/rack/methodoverride.rb:22:in `call'
  rack (1.6.0) lib/rack/runtime.rb:18:in `call'
  activesupport (4.2.0) lib/active_support/cache/strategy/local_cache_middleware.rb:28:in `call'
  rack (1.6.0) lib/rack/lock.rb:17:in `call'
  actionpack (4.2.0) lib/action_dispatch/middleware/static.rb:113:in `call'
  rack (1.6.0) lib/rack/sendfile.rb:113:in `call'
  railties (4.2.0) lib/rails/engine.rb:518:in `call'
  railties (4.2.0) lib/rails/application.rb:164:in `call'
  rack (1.6.0) lib/rack/content_length.rb:15:in `call'
  puma (2.11.1) lib/puma/server.rb:507:in `handle_request'
  puma (2.11.1) lib/puma/server.rb:375:in `process_client'
  puma (2.11.1) lib/puma/server.rb:262:in `block in run'
  puma (2.11.1) lib/puma/thread_pool.rb:104:in `call'
  puma (2.11.1) lib/puma/thread_pool.rb:104:in `block in spawn_thread'


  Rendered /home/keref/.gem/ruby/gems/web-console-2.0.0.beta3/lib/action_dispatch/templates/rescues/_source.erb (1.9ms)
  Rendered /home/keref/.gem/ruby/gems/web-console-2.0.0.beta3/lib/action_dispatch/templates/rescues/_trace.html.erb (1.1ms)
  Rendered /home/keref/.gem/ruby/gems/web-console-2.0.0.beta3/lib/action_dispatch/templates/rescues/_request_and_response.html.erb (0.6ms)
  Rendered /home/keref/.gem/ruby/gems/web-console-2.0.0.beta3/lib/action_dispatch/templates/rescues/_web_console.html.erb (0.7ms)
  Rendered /home/keref/.gem/ruby/gems/web-console-2.0.0.beta3/lib/action_dispatch/templates/rescues/diagnostics.html.erb within rescues/layout (15.0ms)
  [1m[36m (95.6ms)[0m  [1mCREATE TABLE "schema_migrations" ("version" varchar NOT NULL) [0m
  [1m[35m (0.1ms)[0m  select sqlite_version(*)
  [1m[36m (58.1ms)[0m  [1mCREATE UNIQUE INDEX "unique_schema_migrations" ON "schema_migrations" ("version")[0m
  [1m[35mActiveRecord::SchemaMigration Load (0.1ms)[0m  SELECT "schema_migrations".* FROM "schema_migrations"
Migrating to CreateUsers (20150305060811)
  [1m[36m (0.0ms)[0m  [1mbegin transaction[0m
  [1m[35m (0.2ms)[0m  CREATE TABLE "users" ("id" INTEGER PRIMARY KEY AUTOINCREMENT NOT NULL, "name" varchar, "email" varchar, "created_at" datetime NOT NULL, "updated_at" datetime NOT NULL) 
  [1m[36mSQL (0.2ms)[0m  [1mINSERT INTO "schema_migrations" ("version") VALUES (?)[0m  [["version", "20150305060811"]]
  [1m[35m (80.5ms)[0m  commit transaction
Migrating to AddIndexToUsersEmail (20150305063524)
  [1m[36m (0.1ms)[0m  [1mbegin transaction[0m
  [1m[35m (0.2ms)[0m  CREATE UNIQUE INDEX "index_users_on_email" ON "users" ("email")
  [1m[36mSQL (0.1ms)[0m  [1mINSERT INTO "schema_migrations" ("version") VALUES (?)[0m  [["version", "20150305063524"]]
  [1m[35m (57.0ms)[0m  commit transaction
Migrating to AddPasswordDigestToUsers (20150305064056)
  [1m[36m (0.1ms)[0m  [1mbegin transaction[0m
  [1m[35m (0.3ms)[0m  ALTER TABLE "users" ADD "password_digest" varchar
  [1m[36mSQL (0.1ms)[0m  [1mINSERT INTO "schema_migrations" ("version") VALUES (?)[0m  [["version", "20150305064056"]]
  [1m[35m (43.3ms)[0m  commit transaction
Migrating to AddRememberDigestToUsers (20150307051604)
  [1m[36m (0.1ms)[0m  [1mbegin transaction[0m
  [1m[35m (0.3ms)[0m  ALTER TABLE "users" ADD "remember_digest" varchar
  [1m[36mSQL (0.1ms)[0m  [1mINSERT INTO "schema_migrations" ("version") VALUES (?)[0m  [["version", "20150307051604"]]
  [1m[35m (31.4ms)[0m  commit transaction
Migrating to AddAdminToUsers (20150307072424)
  [1m[36m (0.1ms)[0m  [1mbegin transaction[0m
  [1m[35m (0.3ms)[0m  ALTER TABLE "users" ADD "admin" boolean
  [1m[36mSQL (0.1ms)[0m  [1mINSERT INTO "schema_migrations" ("version") VALUES (?)[0m  [["version", "20150307072424"]]
  [1m[35m (39.7ms)[0m  commit transaction
Migrating to AddActivationToUsers (20150307113754)
  [1m[36m (0.1ms)[0m  [1mbegin transaction[0m
  [1m[35m (0.3ms)[0m  ALTER TABLE "users" ADD "activation_digest" varchar
  [1m[36m (0.1ms)[0m  [1mALTER TABLE "users" ADD "activated" boolean[0m
  [1m[35m (0.1ms)[0m  ALTER TABLE "users" ADD "activated_at" datetime
  [1m[36mSQL (0.1ms)[0m  [1mINSERT INTO "schema_migrations" ("version") VALUES (?)[0m  [["version", "20150307113754"]]
  [1m[35m (39.2ms)[0m  commit transaction
Migrating to AddResetToUsers (20150307125359)
  [1m[36m (0.1ms)[0m  [1mbegin transaction[0m
  [1m[35m (0.3ms)[0m  ALTER TABLE "users" ADD "reset_digest" varchar
  [1m[36m (0.2ms)[0m  [1mALTER TABLE "users" ADD "reset_sent_at" datetime[0m
  [1m[35mSQL (0.1ms)[0m  INSERT INTO "schema_migrations" ("version") VALUES (?)  [["version", "20150307125359"]]
  [1m[36m (39.4ms)[0m  [1mcommit transaction[0m
  [1m[35mActiveRecord::SchemaMigration Load (0.1ms)[0m  SELECT "schema_migrations".* FROM "schema_migrations"
  [1m[36m (0.1ms)[0m  [1m            SELECT sql
            FROM sqlite_master
            WHERE name='index_users_on_email' AND type='index'
            UNION ALL
            SELECT sql
            FROM sqlite_temp_master
            WHERE name='index_users_on_email' AND type='index'
[0m


Started GET "/" for 127.0.0.1 at 2015-03-09 17:11:15 +0700
  [1m[36mActiveRecord::SchemaMigration Load (0.1ms)[0m  [1mSELECT "schema_migrations".* FROM "schema_migrations"[0m
Processing by StaticPagesController#home as HTML
  Rendered static_pages/home.html.erb within layouts/application (7.9ms)
  Rendered layouts/_shim.html.erb (0.3ms)
  Rendered layouts/_header.html.erb (3.2ms)
  Rendered layouts/_footer.html.erb (0.4ms)
Completed 200 OK in 2764ms (Views: 2728.4ms | ActiveRecord: 0.0ms)


Started GET "/assets/account_activations-64e62ddc273c2f5847f30d698ca14b67.css?body=1" for 127.0.0.1 at 2015-03-09 17:11:18 +0700


Started GET "/assets/custom-8af709f3358f0f6a6c3389d281c802a0.css?body=1" for 127.0.0.1 at 2015-03-09 17:11:18 +0700


Started GET "/assets/sessions-64e62ddc273c2f5847f30d698ca14b67.css?body=1" for 127.0.0.1 at 2015-03-09 17:11:18 +0700


Started GET "/assets/password_resets-64e62ddc273c2f5847f30d698ca14b67.css?body=1" for 127.0.0.1 at 2015-03-09 17:11:18 +0700


Started GET "/assets/static_pages-64e62ddc273c2f5847f30d698ca14b67.css?body=1" for 127.0.0.1 at 2015-03-09 17:11:18 +0700


Started GET "/assets/application-797088282df5a2822f7c02bf4dfffec6.css?body=1" for 127.0.0.1 at 2015-03-09 17:11:18 +0700


Started GET "/assets/users-64e62ddc273c2f5847f30d698ca14b67.css?body=1" for 127.0.0.1 at 2015-03-09 17:11:18 +0700


Started GET "/assets/jquery-87424c3c19e96d4fb033c10ebe21ec40.js?body=1" for 127.0.0.1 at 2015-03-09 17:11:18 +0700


Started GET "/assets/jquery_ujs-e27bd20a10d28155845a22d71ef94f2f.js?body=1" for 127.0.0.1 at 2015-03-09 17:11:18 +0700


Started GET "/assets/bootstrap-52ddc9e5c6743cc001357411d58d99c0.js?body=1" for 127.0.0.1 at 2015-03-09 17:11:18 +0700


Started GET "/assets/turbolinks-d9dcd5206ee131f11181e8ca09537148.js?body=1" for 127.0.0.1 at 2015-03-09 17:11:18 +0700


Started GET "/assets/account_activations-fcec5b5a277ac7c20cc9f45a209a3bcd.js?body=1" for 127.0.0.1 at 2015-03-09 17:11:18 +0700


Started GET "/assets/password_resets-fcec5b5a277ac7c20cc9f45a209a3bcd.js?body=1" for 127.0.0.1 at 2015-03-09 17:11:18 +0700


Started GET "/assets/static_pages-fcec5b5a277ac7c20cc9f45a209a3bcd.js?body=1" for 127.0.0.1 at 2015-03-09 17:11:18 +0700


Started GET "/assets/sessions-fcec5b5a277ac7c20cc9f45a209a3bcd.js?body=1" for 127.0.0.1 at 2015-03-09 17:11:18 +0700


Started GET "/assets/users-fcec5b5a277ac7c20cc9f45a209a3bcd.js?body=1" for 127.0.0.1 at 2015-03-09 17:11:18 +0700


Started GET "/assets/application-b215c12cd796dcac63e0ba0c049eb42b.js?body=1" for 127.0.0.1 at 2015-03-09 17:11:18 +0700


Started GET "/assets/rails-be2e3e66a18126c4042f84cd4aae4cb3.png" for 127.0.0.1 at 2015-03-09 17:11:18 +0700


Started GET "/help" for 127.0.0.1 at 2015-03-09 17:11:23 +0700
Processing by StaticPagesController#help as HTML
  Rendered static_pages/help.html.erb within layouts/application (0.3ms)
  Rendered layouts/_shim.html.erb (0.2ms)
  Rendered layouts/_header.html.erb (0.6ms)
  Rendered layouts/_footer.html.erb (0.3ms)
Completed 200 OK in 85ms (Views: 84.5ms | ActiveRecord: 0.0ms)


Started GET "/login" for 127.0.0.1 at 2015-03-09 17:11:26 +0700
Processing by SessionsController#new as HTML
  Rendered sessions/new.html.erb within layouts/application (184.1ms)
  Rendered layouts/_shim.html.erb (0.0ms)
  Rendered layouts/_header.html.erb (0.2ms)
  Rendered layouts/_footer.html.erb (0.1ms)
Completed 200 OK in 268ms (Views: 267.6ms | ActiveRecord: 0.0ms)


Started GET "/" for 127.0.0.1 at 2015-03-09 17:11:30 +0700
Processing by StaticPagesController#home as HTML
  Rendered static_pages/home.html.erb within layouts/application (0.6ms)
  Rendered layouts/_shim.html.erb (0.0ms)
  Rendered layouts/_header.html.erb (0.2ms)
  Rendered layouts/_footer.html.erb (0.1ms)
Completed 200 OK in 134ms (Views: 133.3ms | ActiveRecord: 0.0ms)


Started GET "/signup" for 127.0.0.1 at 2015-03-09 17:11:31 +0700
Processing by UsersController#new as HTML
  Rendered shared/_error_messages.html.erb (1.6ms)
  Rendered users/_fields.html.erb (3.9ms)
  Rendered users/new.html.erb within layouts/application (6.8ms)
  Rendered layouts/_shim.html.erb (0.0ms)
  Rendered layouts/_header.html.erb (0.3ms)
  Rendered layouts/_footer.html.erb (0.1ms)
Completed 200 OK in 119ms (Views: 110.2ms | ActiveRecord: 0.3ms)


Started GET "/" for 127.0.0.1 at 2015-03-09 17:11:34 +0700
Processing by StaticPagesController#home as HTML
  Rendered static_pages/home.html.erb within layouts/application (0.4ms)
  Rendered layouts/_shim.html.erb (0.0ms)
  Rendered layouts/_header.html.erb (0.3ms)
  Rendered layouts/_footer.html.erb (0.1ms)
Completed 200 OK in 94ms (Views: 93.4ms | ActiveRecord: 0.0ms)


Started GET "/contact" for 127.0.0.1 at 2015-03-09 17:11:38 +0700
Processing by StaticPagesController#contact as HTML
  Rendered static_pages/contact.html.erb within layouts/application (0.3ms)
  Rendered layouts/_shim.html.erb (0.0ms)
  Rendered layouts/_header.html.erb (0.3ms)
  Rendered layouts/_footer.html.erb (0.1ms)
Completed 200 OK in 89ms (Views: 88.4ms | ActiveRecord: 0.0ms)


Started GET "/signup" for 127.0.0.1 at 2015-03-09 17:12:04 +0700
Processing by UsersController#new as HTML
  Rendered shared/_error_messages.html.erb (0.0ms)
  Rendered users/_fields.html.erb (1.7ms)
  Rendered users/new.html.erb within layouts/application (3.1ms)
  Rendered layouts/_shim.html.erb (0.0ms)
  Rendered layouts/_header.html.erb (0.2ms)
  Rendered layouts/_footer.html.erb (0.1ms)
Completed 200 OK in 140ms (Views: 139.1ms | ActiveRecord: 0.0ms)
